<?xml version="1.0" encoding="UTF-8"?>
<coverage generated="1567949192888" clover="3.2.0">
  <project timestamp="1567949192890" name="All files">
    <metrics statements="32" coveredstatements="28" conditionals="0" coveredconditionals="0" methods="17" coveredmethods="13" elements="49" coveredelements="41" complexity="0" loc="32" ncloc="32" packages="1" files="4" classes="4"/>
    <file name="1.qs.js" path="/Users/maoerbaby/Desktop/unit-test/1.qs.js">
      <metrics statements="10" coveredstatements="10" conditionals="0" coveredconditionals="0" methods="4" coveredmethods="4"/>
      <line num="1" count="1" type="stmt"/>
      <line num="2" count="1" type="stmt"/>
      <line num="3" count="1" type="stmt"/>
      <line num="4" count="1" type="stmt"/>
      <line num="6" count="1" type="stmt"/>
      <line num="8" count="1" type="stmt"/>
      <line num="9" count="1" type="stmt"/>
      <line num="10" count="1" type="stmt"/>
      <line num="11" count="1" type="stmt"/>
      <line num="13" count="1" type="stmt"/>
    </file>
    <file name="2.dom.js" path="/Users/maoerbaby/Desktop/unit-test/2.dom.js">
      <metrics statements="6" coveredstatements="4" conditionals="0" coveredconditionals="0" methods="3" coveredmethods="1"/>
      <line num="2" count="1" type="stmt"/>
      <line num="3" count="1" type="stmt"/>
      <line num="6" count="1" type="stmt"/>
      <line num="7" count="0" type="stmt"/>
      <line num="10" count="1" type="stmt"/>
      <line num="11" count="0" type="stmt"/>
    </file>
    <file name="3.async.js" path="/Users/maoerbaby/Desktop/unit-test/3.async.js">
      <metrics statements="7" coveredstatements="5" conditionals="0" coveredconditionals="0" methods="5" coveredmethods="3"/>
      <line num="2" count="1" type="stmt"/>
      <line num="3" count="0" type="stmt"/>
      <line num="4" count="0" type="stmt"/>
      <line num="8" count="1" type="stmt"/>
      <line num="9" count="1" type="stmt"/>
      <line num="10" count="1" type="stmt"/>
      <line num="11" count="1" type="stmt"/>
    </file>
    <file name="4.mock.js" path="/Users/maoerbaby/Desktop/unit-test/4.mock.js">
      <metrics statements="9" coveredstatements="9" conditionals="0" coveredconditionals="0" methods="5" coveredmethods="5"/>
      <line num="2" count="1" type="stmt"/>
      <line num="3" count="1" type="stmt"/>
      <line num="6" count="1" type="stmt"/>
      <line num="7" count="1" type="stmt"/>
      <line num="9" count="1" type="stmt"/>
      <line num="10" count="1" type="stmt"/>
      <line num="13" count="1" type="stmt"/>
      <line num="14" count="1" type="stmt"/>
      <line num="15" count="2" type="stmt"/>
    </file>
  </project>
</coverage>
